2025-04-18T19:51:20.663+05:30  INFO 19252 --- [ServiceXpress_Backend] [restartedMain] c.b.ServiceXpressBackendApplication      : Starting ServiceXpressBackendApplication using Java 23.0.1 with PID 19252 (C:\Users\gowth\git\ServiceXpress\ServiceXpress_Backend\target\classes started by gowth in C:\Users\gowth\git\ServiceXpress\ServiceXpress_Backend)
2025-04-18T19:51:20.668+05:30 DEBUG 19252 --- [ServiceXpress_Backend] [restartedMain] c.b.ServiceXpressBackendApplication      : Running with Spring Boot v3.4.4, Spring v6.2.5
2025-04-18T19:51:20.670+05:30  INFO 19252 --- [ServiceXpress_Backend] [restartedMain] c.b.ServiceXpressBackendApplication      : No active profile set, falling back to 1 default profile: "default"
2025-04-18T19:51:20.754+05:30  INFO 19252 --- [ServiceXpress_Backend] [restartedMain] .e.DevToolsPropertyDefaultsPostProcessor : Devtools property defaults active! Set 'spring.devtools.add-properties' to 'false' to disable
2025-04-18T19:51:20.754+05:30  INFO 19252 --- [ServiceXpress_Backend] [restartedMain] .e.DevToolsPropertyDefaultsPostProcessor : For additional web related logging consider setting the 'logging.level.web' property to 'DEBUG'
2025-04-18T19:51:22.330+05:30  INFO 19252 --- [ServiceXpress_Backend] [restartedMain] .s.d.r.c.RepositoryConfigurationDelegate : Bootstrapping Spring Data JPA repositories in DEFAULT mode.
2025-04-18T19:51:22.480+05:30  INFO 19252 --- [ServiceXpress_Backend] [restartedMain] .s.d.r.c.RepositoryConfigurationDelegate : Finished Spring Data repository scanning in 134 ms. Found 6 JPA repository interfaces.
2025-04-18T19:51:23.253+05:30  INFO 19252 --- [ServiceXpress_Backend] [restartedMain] o.s.b.w.embedded.tomcat.TomcatWebServer  : Tomcat initialized with port 8081 (http)
2025-04-18T19:51:23.277+05:30  INFO 19252 --- [ServiceXpress_Backend] [restartedMain] o.apache.catalina.core.StandardService   : Starting service [Tomcat]
2025-04-18T19:51:23.277+05:30  INFO 19252 --- [ServiceXpress_Backend] [restartedMain] o.apache.catalina.core.StandardEngine    : Starting Servlet engine: [Apache Tomcat/10.1.39]
2025-04-18T19:51:23.335+05:30  INFO 19252 --- [ServiceXpress_Backend] [restartedMain] o.a.c.c.C.[Tomcat].[localhost].[/]       : Initializing Spring embedded WebApplicationContext
2025-04-18T19:51:23.336+05:30  INFO 19252 --- [ServiceXpress_Backend] [restartedMain] w.s.c.ServletWebServerApplicationContext : Root WebApplicationContext: initialization completed in 2581 ms
2025-04-18T19:51:23.543+05:30  INFO 19252 --- [ServiceXpress_Backend] [restartedMain] o.hibernate.jpa.internal.util.LogHelper  : HHH000204: Processing PersistenceUnitInfo [name: default]
2025-04-18T19:51:23.635+05:30  INFO 19252 --- [ServiceXpress_Backend] [restartedMain] org.hibernate.Version                    : HHH000412: Hibernate ORM core version 6.6.11.Final
2025-04-18T19:51:23.690+05:30  INFO 19252 --- [ServiceXpress_Backend] [restartedMain] o.h.c.internal.RegionFactoryInitiator    : HHH000026: Second-level cache disabled
2025-04-18T19:51:24.194+05:30  INFO 19252 --- [ServiceXpress_Backend] [restartedMain] o.s.o.j.p.SpringPersistenceUnitInfo      : No LoadTimeWeaver setup: ignoring JPA class transformer
2025-04-18T19:51:24.249+05:30  INFO 19252 --- [ServiceXpress_Backend] [restartedMain] com.zaxxer.hikari.HikariDataSource       : HikariPool-1 - Starting...
2025-04-18T19:51:24.757+05:30  INFO 19252 --- [ServiceXpress_Backend] [restartedMain] com.zaxxer.hikari.pool.HikariPool        : HikariPool-1 - Added connection com.mysql.cj.jdbc.ConnectionImpl@62b43d34
2025-04-18T19:51:24.759+05:30  INFO 19252 --- [ServiceXpress_Backend] [restartedMain] com.zaxxer.hikari.HikariDataSource       : HikariPool-1 - Start completed.
2025-04-18T19:51:24.831+05:30  WARN 19252 --- [ServiceXpress_Backend] [restartedMain] org.hibernate.orm.deprecation            : HHH90000025: MySQL8Dialect does not need to be specified explicitly using 'hibernate.dialect' (remove the property setting and it will be selected by default)
2025-04-18T19:51:24.832+05:30  WARN 19252 --- [ServiceXpress_Backend] [restartedMain] org.hibernate.orm.deprecation            : HHH90000026: MySQL8Dialect has been deprecated; use org.hibernate.dialect.MySQLDialect instead
2025-04-18T19:51:24.865+05:30  INFO 19252 --- [ServiceXpress_Backend] [restartedMain] org.hibernate.orm.connections.pooling    : HHH10001005: Database info:
	Database JDBC URL [Connecting through datasource 'HikariDataSource (HikariPool-1)']
	Database driver: undefined/unknown
	Database version: 8.0
	Autocommit mode: undefined/unknown
	Isolation level: undefined/unknown
	Minimum pool size: undefined/unknown
	Maximum pool size: undefined/unknown
2025-04-18T19:51:26.151+05:30  INFO 19252 --- [ServiceXpress_Backend] [restartedMain] o.h.e.t.j.p.i.JtaPlatformInitiator       : HHH000489: No JTA platform available (set 'hibernate.transaction.jta.platform' to enable JTA platform integration)
2025-04-18T19:51:26.251+05:30  INFO 19252 --- [ServiceXpress_Backend] [restartedMain] j.LocalContainerEntityManagerFactoryBean : Initialized JPA EntityManagerFactory for persistence unit 'default'
2025-04-18T19:51:26.747+05:30  INFO 19252 --- [ServiceXpress_Backend] [restartedMain] o.s.d.j.r.query.QueryEnhancerFactory     : Hibernate is in classpath; If applicable, HQL parser will be used.
2025-04-18T19:51:27.445+05:30  WARN 19252 --- [ServiceXpress_Backend] [restartedMain] JpaBaseConfiguration$JpaWebConfiguration : spring.jpa.open-in-view is enabled by default. Therefore, database queries may be performed during view rendering. Explicitly configure spring.jpa.open-in-view to disable this warning
2025-04-18T19:51:27.484+05:30  INFO 19252 --- [ServiceXpress_Backend] [restartedMain] r$InitializeUserDetailsManagerConfigurer : Global AuthenticationManager configured with UserDetailsService bean with name userDetailsService
2025-04-18T19:51:28.108+05:30  WARN 19252 --- [ServiceXpress_Backend] [restartedMain] o.s.b.d.a.OptionalLiveReloadServer       : Unable to start LiveReload server
2025-04-18T19:51:28.146+05:30  INFO 19252 --- [ServiceXpress_Backend] [restartedMain] o.s.b.w.embedded.tomcat.TomcatWebServer  : Tomcat started on port 8081 (http) with context path '/'
2025-04-18T19:51:28.157+05:30  INFO 19252 --- [ServiceXpress_Backend] [restartedMain] c.b.ServiceXpressBackendApplication      : Started ServiceXpressBackendApplication in 8.012 seconds (process running for 8.955)
2025-04-18T19:59:29.768+05:30  INFO 19252 --- [ServiceXpress_Backend] [http-nio-8081-exec-1] o.a.c.c.C.[Tomcat].[localhost].[/]       : Initializing Spring DispatcherServlet 'dispatcherServlet'
2025-04-18T19:59:29.771+05:30  INFO 19252 --- [ServiceXpress_Backend] [http-nio-8081-exec-1] o.s.web.servlet.DispatcherServlet        : Initializing Servlet 'dispatcherServlet'
2025-04-18T19:59:29.777+05:30  INFO 19252 --- [ServiceXpress_Backend] [http-nio-8081-exec-1] o.s.web.servlet.DispatcherServlet        : Completed initialization in 0 ms
2025-04-18T20:41:45.840+05:30  INFO 19252 --- [ServiceXpress_Backend] [RMI TCP Connection(52)-127.0.0.1] inMXBeanRegistrar$SpringApplicationAdmin : Application shutdown requested.
2025-04-18T20:41:45.848+05:30  INFO 19252 --- [ServiceXpress_Backend] [RMI TCP Connection(52)-127.0.0.1] o.s.b.w.e.tomcat.GracefulShutdown        : Commencing graceful shutdown. Waiting for active requests to complete
2025-04-18T20:41:45.851+05:30  INFO 19252 --- [ServiceXpress_Backend] [tomcat-shutdown] o.s.b.w.e.tomcat.GracefulShutdown        : Graceful shutdown complete
2025-04-18T20:41:45.858+05:30  INFO 19252 --- [ServiceXpress_Backend] [RMI TCP Connection(52)-127.0.0.1] j.LocalContainerEntityManagerFactoryBean : Closing JPA EntityManagerFactory for persistence unit 'default'
2025-04-18T20:41:45.867+05:30  INFO 19252 --- [ServiceXpress_Backend] [RMI TCP Connection(52)-127.0.0.1] com.zaxxer.hikari.HikariDataSource       : HikariPool-1 - Shutdown initiated...
2025-04-18T20:41:45.871+05:30  INFO 19252 --- [ServiceXpress_Backend] [RMI TCP Connection(52)-127.0.0.1] com.zaxxer.hikari.HikariDataSource       : HikariPool-1 - Shutdown completed.
2025-04-18T20:42:41.603+05:30  INFO 17516 --- [ServiceXpress_Backend] [restartedMain] c.b.ServiceXpressBackendApplication      : Starting ServiceXpressBackendApplication using Java 23.0.1 with PID 17516 (C:\Users\gowth\git\ServiceXpress\ServiceXpress_Backend\target\classes started by gowth in C:\Users\gowth\git\ServiceXpress\ServiceXpress_Backend)
2025-04-18T20:42:41.604+05:30 DEBUG 17516 --- [ServiceXpress_Backend] [restartedMain] c.b.ServiceXpressBackendApplication      : Running with Spring Boot v3.4.4, Spring v6.2.5
2025-04-18T20:42:41.606+05:30  INFO 17516 --- [ServiceXpress_Backend] [restartedMain] c.b.ServiceXpressBackendApplication      : No active profile set, falling back to 1 default profile: "default"
2025-04-18T20:42:41.669+05:30  INFO 17516 --- [ServiceXpress_Backend] [restartedMain] .e.DevToolsPropertyDefaultsPostProcessor : Devtools property defaults active! Set 'spring.devtools.add-properties' to 'false' to disable
2025-04-18T20:42:41.669+05:30  INFO 17516 --- [ServiceXpress_Backend] [restartedMain] .e.DevToolsPropertyDefaultsPostProcessor : For additional web related logging consider setting the 'logging.level.web' property to 'DEBUG'
2025-04-18T20:42:42.635+05:30  INFO 17516 --- [ServiceXpress_Backend] [restartedMain] .s.d.r.c.RepositoryConfigurationDelegate : Bootstrapping Spring Data JPA repositories in DEFAULT mode.
2025-04-18T20:42:42.689+05:30  INFO 17516 --- [ServiceXpress_Backend] [restartedMain] .s.d.r.c.RepositoryConfigurationDelegate : Finished Spring Data repository scanning in 46 ms. Found 6 JPA repository interfaces.
2025-04-18T20:42:43.149+05:30  INFO 17516 --- [ServiceXpress_Backend] [restartedMain] o.s.b.w.embedded.tomcat.TomcatWebServer  : Tomcat initialized with port 8081 (http)
2025-04-18T20:42:43.162+05:30  INFO 17516 --- [ServiceXpress_Backend] [restartedMain] o.apache.catalina.core.StandardService   : Starting service [Tomcat]
2025-04-18T20:42:43.162+05:30  INFO 17516 --- [ServiceXpress_Backend] [restartedMain] o.apache.catalina.core.StandardEngine    : Starting Servlet engine: [Apache Tomcat/10.1.39]
2025-04-18T20:42:43.205+05:30  INFO 17516 --- [ServiceXpress_Backend] [restartedMain] o.a.c.c.C.[Tomcat].[localhost].[/]       : Initializing Spring embedded WebApplicationContext
2025-04-18T20:42:43.205+05:30  INFO 17516 --- [ServiceXpress_Backend] [restartedMain] w.s.c.ServletWebServerApplicationContext : Root WebApplicationContext: initialization completed in 1536 ms
2025-04-18T20:42:43.343+05:30  INFO 17516 --- [ServiceXpress_Backend] [restartedMain] o.hibernate.jpa.internal.util.LogHelper  : HHH000204: Processing PersistenceUnitInfo [name: default]
2025-04-18T20:42:43.425+05:30  INFO 17516 --- [ServiceXpress_Backend] [restartedMain] org.hibernate.Version                    : HHH000412: Hibernate ORM core version 6.6.11.Final
2025-04-18T20:42:43.463+05:30  INFO 17516 --- [ServiceXpress_Backend] [restartedMain] o.h.c.internal.RegionFactoryInitiator    : HHH000026: Second-level cache disabled
2025-04-18T20:42:43.727+05:30  INFO 17516 --- [ServiceXpress_Backend] [restartedMain] o.s.o.j.p.SpringPersistenceUnitInfo      : No LoadTimeWeaver setup: ignoring JPA class transformer
2025-04-18T20:42:43.756+05:30  INFO 17516 --- [ServiceXpress_Backend] [restartedMain] com.zaxxer.hikari.HikariDataSource       : HikariPool-1 - Starting...
2025-04-18T20:42:44.034+05:30  INFO 17516 --- [ServiceXpress_Backend] [restartedMain] com.zaxxer.hikari.pool.HikariPool        : HikariPool-1 - Added connection com.mysql.cj.jdbc.ConnectionImpl@3aef453
2025-04-18T20:42:44.036+05:30  INFO 17516 --- [ServiceXpress_Backend] [restartedMain] com.zaxxer.hikari.HikariDataSource       : HikariPool-1 - Start completed.
2025-04-18T20:42:44.094+05:30  WARN 17516 --- [ServiceXpress_Backend] [restartedMain] org.hibernate.orm.deprecation            : HHH90000025: MySQL8Dialect does not need to be specified explicitly using 'hibernate.dialect' (remove the property setting and it will be selected by default)
2025-04-18T20:42:44.095+05:30  WARN 17516 --- [ServiceXpress_Backend] [restartedMain] org.hibernate.orm.deprecation            : HHH90000026: MySQL8Dialect has been deprecated; use org.hibernate.dialect.MySQLDialect instead
2025-04-18T20:42:44.112+05:30  INFO 17516 --- [ServiceXpress_Backend] [restartedMain] org.hibernate.orm.connections.pooling    : HHH10001005: Database info:
	Database JDBC URL [Connecting through datasource 'HikariDataSource (HikariPool-1)']
	Database driver: undefined/unknown
	Database version: 8.0
	Autocommit mode: undefined/unknown
	Isolation level: undefined/unknown
	Minimum pool size: undefined/unknown
	Maximum pool size: undefined/unknown
2025-04-18T20:42:45.020+05:30  INFO 17516 --- [ServiceXpress_Backend] [restartedMain] o.h.e.t.j.p.i.JtaPlatformInitiator       : HHH000489: No JTA platform available (set 'hibernate.transaction.jta.platform' to enable JTA platform integration)
2025-04-18T20:42:45.113+05:30  INFO 17516 --- [ServiceXpress_Backend] [restartedMain] j.LocalContainerEntityManagerFactoryBean : Initialized JPA EntityManagerFactory for persistence unit 'default'
2025-04-18T20:42:45.372+05:30  INFO 17516 --- [ServiceXpress_Backend] [restartedMain] o.s.d.j.r.query.QueryEnhancerFactory     : Hibernate is in classpath; If applicable, HQL parser will be used.
2025-04-18T20:42:45.777+05:30  WARN 17516 --- [ServiceXpress_Backend] [restartedMain] JpaBaseConfiguration$JpaWebConfiguration : spring.jpa.open-in-view is enabled by default. Therefore, database queries may be performed during view rendering. Explicitly configure spring.jpa.open-in-view to disable this warning
2025-04-18T20:42:45.792+05:30  INFO 17516 --- [ServiceXpress_Backend] [restartedMain] r$InitializeUserDetailsManagerConfigurer : Global AuthenticationManager configured with UserDetailsService bean with name userDetailsService
2025-04-18T20:42:46.124+05:30  WARN 17516 --- [ServiceXpress_Backend] [restartedMain] o.s.b.d.a.OptionalLiveReloadServer       : Unable to start LiveReload server
2025-04-18T20:42:46.150+05:30  INFO 17516 --- [ServiceXpress_Backend] [restartedMain] o.s.b.w.embedded.tomcat.TomcatWebServer  : Tomcat started on port 8081 (http) with context path '/'
2025-04-18T20:42:46.156+05:30  INFO 17516 --- [ServiceXpress_Backend] [restartedMain] c.b.ServiceXpressBackendApplication      : Started ServiceXpressBackendApplication in 4.93 seconds (process running for 5.485)
2025-04-18T20:43:10.762+05:30  INFO 17516 --- [ServiceXpress_Backend] [http-nio-8081-exec-1] o.a.c.c.C.[Tomcat].[localhost].[/]       : Initializing Spring DispatcherServlet 'dispatcherServlet'
2025-04-18T20:43:10.762+05:30  INFO 17516 --- [ServiceXpress_Backend] [http-nio-8081-exec-1] o.s.web.servlet.DispatcherServlet        : Initializing Servlet 'dispatcherServlet'
2025-04-18T20:43:10.762+05:30  INFO 17516 --- [ServiceXpress_Backend] [http-nio-8081-exec-1] o.s.web.servlet.DispatcherServlet        : Completed initialization in 0 ms
2025-04-18T20:54:24.066+05:30  INFO 17516 --- [ServiceXpress_Backend] [File Watcher] rtingClassPathChangeChangedEventListener : Restarting due to 41 class path changes (0 additions, 41 deletions, 0 modifications)
2025-04-18T20:54:24.072+05:30  INFO 17516 --- [ServiceXpress_Backend] [Thread-1] o.s.b.w.e.tomcat.GracefulShutdown        : Commencing graceful shutdown. Waiting for active requests to complete
2025-04-18T20:54:24.078+05:30  INFO 17516 --- [ServiceXpress_Backend] [tomcat-shutdown] o.s.b.w.e.tomcat.GracefulShutdown        : Graceful shutdown complete
2025-04-18T20:54:24.087+05:30  INFO 17516 --- [ServiceXpress_Backend] [Thread-1] j.LocalContainerEntityManagerFactoryBean : Closing JPA EntityManagerFactory for persistence unit 'default'
2025-04-18T20:54:24.094+05:30  INFO 17516 --- [ServiceXpress_Backend] [Thread-1] com.zaxxer.hikari.HikariDataSource       : HikariPool-1 - Shutdown initiated...
2025-04-18T20:54:24.104+05:30  INFO 17516 --- [ServiceXpress_Backend] [Thread-1] com.zaxxer.hikari.HikariDataSource       : HikariPool-1 - Shutdown completed.
2025-04-18T20:59:13.015+05:30  INFO 10188 --- [ServiceXpress_Backend] [restartedMain] c.b.ServiceXpressBackendApplication      : Starting ServiceXpressBackendApplication using Java 23.0.1 with PID 10188 (C:\Users\gowth\git\ServiceXpress\ServiceXpress_Backend\target\classes started by gowth in C:\Users\gowth\git\ServiceXpress\ServiceXpress_Backend)
2025-04-18T20:59:13.018+05:30 DEBUG 10188 --- [ServiceXpress_Backend] [restartedMain] c.b.ServiceXpressBackendApplication      : Running with Spring Boot v3.4.4, Spring v6.2.5
2025-04-18T20:59:13.020+05:30  INFO 10188 --- [ServiceXpress_Backend] [restartedMain] c.b.ServiceXpressBackendApplication      : No active profile set, falling back to 1 default profile: "default"
2025-04-18T20:59:13.111+05:30  INFO 10188 --- [ServiceXpress_Backend] [restartedMain] .e.DevToolsPropertyDefaultsPostProcessor : Devtools property defaults active! Set 'spring.devtools.add-properties' to 'false' to disable
2025-04-18T20:59:13.112+05:30  INFO 10188 --- [ServiceXpress_Backend] [restartedMain] .e.DevToolsPropertyDefaultsPostProcessor : For additional web related logging consider setting the 'logging.level.web' property to 'DEBUG'
2025-04-18T20:59:13.986+05:30  INFO 10188 --- [ServiceXpress_Backend] [restartedMain] .s.d.r.c.RepositoryConfigurationDelegate : Bootstrapping Spring Data JPA repositories in DEFAULT mode.
2025-04-18T20:59:14.078+05:30  INFO 10188 --- [ServiceXpress_Backend] [restartedMain] .s.d.r.c.RepositoryConfigurationDelegate : Finished Spring Data repository scanning in 76 ms. Found 6 JPA repository interfaces.
2025-04-18T20:59:14.675+05:30  INFO 10188 --- [ServiceXpress_Backend] [restartedMain] o.s.b.w.embedded.tomcat.TomcatWebServer  : Tomcat initialized with port 8081 (http)
2025-04-18T20:59:14.700+05:30  INFO 10188 --- [ServiceXpress_Backend] [restartedMain] o.apache.catalina.core.StandardService   : Starting service [Tomcat]
2025-04-18T20:59:14.701+05:30  INFO 10188 --- [ServiceXpress_Backend] [restartedMain] o.apache.catalina.core.StandardEngine    : Starting Servlet engine: [Apache Tomcat/10.1.39]
2025-04-18T20:59:14.781+05:30  INFO 10188 --- [ServiceXpress_Backend] [restartedMain] o.a.c.c.C.[Tomcat].[localhost].[/]       : Initializing Spring embedded WebApplicationContext
2025-04-18T20:59:14.781+05:30  INFO 10188 --- [ServiceXpress_Backend] [restartedMain] w.s.c.ServletWebServerApplicationContext : Root WebApplicationContext: initialization completed in 1668 ms
2025-04-18T20:59:14.959+05:30  INFO 10188 --- [ServiceXpress_Backend] [restartedMain] o.hibernate.jpa.internal.util.LogHelper  : HHH000204: Processing PersistenceUnitInfo [name: default]
2025-04-18T20:59:15.041+05:30  INFO 10188 --- [ServiceXpress_Backend] [restartedMain] org.hibernate.Version                    : HHH000412: Hibernate ORM core version 6.6.11.Final
2025-04-18T20:59:15.092+05:30  INFO 10188 --- [ServiceXpress_Backend] [restartedMain] o.h.c.internal.RegionFactoryInitiator    : HHH000026: Second-level cache disabled
2025-04-18T20:59:15.454+05:30  INFO 10188 --- [ServiceXpress_Backend] [restartedMain] o.s.o.j.p.SpringPersistenceUnitInfo      : No LoadTimeWeaver setup: ignoring JPA class transformer
2025-04-18T20:59:15.500+05:30  INFO 10188 --- [ServiceXpress_Backend] [restartedMain] com.zaxxer.hikari.HikariDataSource       : HikariPool-1 - Starting...
2025-04-18T20:59:15.956+05:30  INFO 10188 --- [ServiceXpress_Backend] [restartedMain] com.zaxxer.hikari.pool.HikariPool        : HikariPool-1 - Added connection com.mysql.cj.jdbc.ConnectionImpl@717c76ab
2025-04-18T20:59:15.959+05:30  INFO 10188 --- [ServiceXpress_Backend] [restartedMain] com.zaxxer.hikari.HikariDataSource       : HikariPool-1 - Start completed.
2025-04-18T20:59:16.034+05:30  WARN 10188 --- [ServiceXpress_Backend] [restartedMain] org.hibernate.orm.deprecation            : HHH90000025: MySQL8Dialect does not need to be specified explicitly using 'hibernate.dialect' (remove the property setting and it will be selected by default)
2025-04-18T20:59:16.037+05:30  WARN 10188 --- [ServiceXpress_Backend] [restartedMain] org.hibernate.orm.deprecation            : HHH90000026: MySQL8Dialect has been deprecated; use org.hibernate.dialect.MySQLDialect instead
2025-04-18T20:59:16.069+05:30  INFO 10188 --- [ServiceXpress_Backend] [restartedMain] org.hibernate.orm.connections.pooling    : HHH10001005: Database info:
	Database JDBC URL [Connecting through datasource 'HikariDataSource (HikariPool-1)']
	Database driver: undefined/unknown
	Database version: 8.0
	Autocommit mode: undefined/unknown
	Isolation level: undefined/unknown
	Minimum pool size: undefined/unknown
	Maximum pool size: undefined/unknown
2025-04-18T20:59:17.160+05:30  INFO 10188 --- [ServiceXpress_Backend] [restartedMain] o.h.e.t.j.p.i.JtaPlatformInitiator       : HHH000489: No JTA platform available (set 'hibernate.transaction.jta.platform' to enable JTA platform integration)
2025-04-18T20:59:17.360+05:30  INFO 10188 --- [ServiceXpress_Backend] [restartedMain] j.LocalContainerEntityManagerFactoryBean : Initialized JPA EntityManagerFactory for persistence unit 'default'
2025-04-18T20:59:17.744+05:30  INFO 10188 --- [ServiceXpress_Backend] [restartedMain] o.s.d.j.r.query.QueryEnhancerFactory     : Hibernate is in classpath; If applicable, HQL parser will be used.
2025-04-18T20:59:18.342+05:30  WARN 10188 --- [ServiceXpress_Backend] [restartedMain] JpaBaseConfiguration$JpaWebConfiguration : spring.jpa.open-in-view is enabled by default. Therefore, database queries may be performed during view rendering. Explicitly configure spring.jpa.open-in-view to disable this warning
2025-04-18T20:59:18.389+05:30  INFO 10188 --- [ServiceXpress_Backend] [restartedMain] r$InitializeUserDetailsManagerConfigurer : Global AuthenticationManager configured with UserDetailsService bean with name userDetailsService
2025-04-18T20:59:19.242+05:30  INFO 10188 --- [ServiceXpress_Backend] [restartedMain] o.s.b.d.a.OptionalLiveReloadServer       : LiveReload server is running on port 35729
2025-04-18T20:59:19.303+05:30  INFO 10188 --- [ServiceXpress_Backend] [restartedMain] o.s.b.w.embedded.tomcat.TomcatWebServer  : Tomcat started on port 8081 (http) with context path '/'
2025-04-18T20:59:19.315+05:30  INFO 10188 --- [ServiceXpress_Backend] [restartedMain] c.b.ServiceXpressBackendApplication      : Started ServiceXpressBackendApplication in 6.884 seconds (process running for 7.847)
2025-04-18T21:00:22.355+05:30  INFO 10188 --- [ServiceXpress_Backend] [http-nio-8081-exec-1] o.a.c.c.C.[Tomcat].[localhost].[/]       : Initializing Spring DispatcherServlet 'dispatcherServlet'
2025-04-18T21:00:22.355+05:30  INFO 10188 --- [ServiceXpress_Backend] [http-nio-8081-exec-1] o.s.web.servlet.DispatcherServlet        : Initializing Servlet 'dispatcherServlet'
2025-04-18T21:00:22.361+05:30  INFO 10188 --- [ServiceXpress_Backend] [http-nio-8081-exec-1] o.s.web.servlet.DispatcherServlet        : Completed initialization in 6 ms
2025-04-18T21:14:23.887+05:30  INFO 10188 --- [ServiceXpress_Backend] [RMI TCP Connection(17)-127.0.0.1] inMXBeanRegistrar$SpringApplicationAdmin : Application shutdown requested.
2025-04-18T21:14:23.892+05:30  INFO 10188 --- [ServiceXpress_Backend] [RMI TCP Connection(17)-127.0.0.1] o.s.b.w.e.tomcat.GracefulShutdown        : Commencing graceful shutdown. Waiting for active requests to complete
2025-04-18T21:14:23.899+05:30  INFO 10188 --- [ServiceXpress_Backend] [tomcat-shutdown] o.s.b.w.e.tomcat.GracefulShutdown        : Graceful shutdown complete
2025-04-18T21:14:23.906+05:30  INFO 10188 --- [ServiceXpress_Backend] [RMI TCP Connection(17)-127.0.0.1] j.LocalContainerEntityManagerFactoryBean : Closing JPA EntityManagerFactory for persistence unit 'default'
2025-04-18T21:14:23.912+05:30  INFO 10188 --- [ServiceXpress_Backend] [RMI TCP Connection(17)-127.0.0.1] com.zaxxer.hikari.HikariDataSource       : HikariPool-1 - Shutdown initiated...
2025-04-18T21:14:23.925+05:30  INFO 10188 --- [ServiceXpress_Backend] [RMI TCP Connection(17)-127.0.0.1] com.zaxxer.hikari.HikariDataSource       : HikariPool-1 - Shutdown completed.
2025-04-18T21:33:28.556+05:30  INFO 1056 --- [ServiceXpress_Backend] [restartedMain] c.b.ServiceXpressBackendApplication      : Starting ServiceXpressBackendApplication using Java 23.0.1 with PID 1056 (C:\Users\gowth\git\ServiceXpress\ServiceXpress_Backend\target\classes started by gowth in C:\Users\gowth\git\ServiceXpress\ServiceXpress_Backend)
2025-04-18T21:33:28.557+05:30 DEBUG 1056 --- [ServiceXpress_Backend] [restartedMain] c.b.ServiceXpressBackendApplication      : Running with Spring Boot v3.4.4, Spring v6.2.5
2025-04-18T21:33:28.559+05:30  INFO 1056 --- [ServiceXpress_Backend] [restartedMain] c.b.ServiceXpressBackendApplication      : No active profile set, falling back to 1 default profile: "default"
2025-04-18T21:33:28.607+05:30  INFO 1056 --- [ServiceXpress_Backend] [restartedMain] .e.DevToolsPropertyDefaultsPostProcessor : Devtools property defaults active! Set 'spring.devtools.add-properties' to 'false' to disable
2025-04-18T21:33:28.607+05:30  INFO 1056 --- [ServiceXpress_Backend] [restartedMain] .e.DevToolsPropertyDefaultsPostProcessor : For additional web related logging consider setting the 'logging.level.web' property to 'DEBUG'
2025-04-18T21:33:29.114+05:30  INFO 1056 --- [ServiceXpress_Backend] [restartedMain] .s.d.r.c.RepositoryConfigurationDelegate : Bootstrapping Spring Data JPA repositories in DEFAULT mode.
2025-04-18T21:33:29.166+05:30  INFO 1056 --- [ServiceXpress_Backend] [restartedMain] .s.d.r.c.RepositoryConfigurationDelegate : Finished Spring Data repository scanning in 43 ms. Found 6 JPA repository interfaces.
2025-04-18T21:33:29.561+05:30  INFO 1056 --- [ServiceXpress_Backend] [restartedMain] o.s.b.w.embedded.tomcat.TomcatWebServer  : Tomcat initialized with port 8081 (http)
2025-04-18T21:33:29.574+05:30  INFO 1056 --- [ServiceXpress_Backend] [restartedMain] o.apache.catalina.core.StandardService   : Starting service [Tomcat]
2025-04-18T21:33:29.574+05:30  INFO 1056 --- [ServiceXpress_Backend] [restartedMain] o.apache.catalina.core.StandardEngine    : Starting Servlet engine: [Apache Tomcat/10.1.39]
2025-04-18T21:33:29.610+05:30  INFO 1056 --- [ServiceXpress_Backend] [restartedMain] o.a.c.c.C.[Tomcat].[localhost].[/]       : Initializing Spring embedded WebApplicationContext
2025-04-18T21:33:29.610+05:30  INFO 1056 --- [ServiceXpress_Backend] [restartedMain] w.s.c.ServletWebServerApplicationContext : Root WebApplicationContext: initialization completed in 1002 ms
2025-04-18T21:33:29.732+05:30  INFO 1056 --- [ServiceXpress_Backend] [restartedMain] o.hibernate.jpa.internal.util.LogHelper  : HHH000204: Processing PersistenceUnitInfo [name: default]
2025-04-18T21:33:29.793+05:30  INFO 1056 --- [ServiceXpress_Backend] [restartedMain] org.hibernate.Version                    : HHH000412: Hibernate ORM core version 6.6.11.Final
2025-04-18T21:33:29.823+05:30  INFO 1056 --- [ServiceXpress_Backend] [restartedMain] o.h.c.internal.RegionFactoryInitiator    : HHH000026: Second-level cache disabled
2025-04-18T21:33:30.058+05:30  INFO 1056 --- [ServiceXpress_Backend] [restartedMain] o.s.o.j.p.SpringPersistenceUnitInfo      : No LoadTimeWeaver setup: ignoring JPA class transformer
2025-04-18T21:33:30.084+05:30  INFO 1056 --- [ServiceXpress_Backend] [restartedMain] com.zaxxer.hikari.HikariDataSource       : HikariPool-1 - Starting...
2025-04-18T21:33:30.332+05:30  INFO 1056 --- [ServiceXpress_Backend] [restartedMain] com.zaxxer.hikari.pool.HikariPool        : HikariPool-1 - Added connection com.mysql.cj.jdbc.ConnectionImpl@46544655
2025-04-18T21:33:30.334+05:30  INFO 1056 --- [ServiceXpress_Backend] [restartedMain] com.zaxxer.hikari.HikariDataSource       : HikariPool-1 - Start completed.
2025-04-18T21:33:30.376+05:30  WARN 1056 --- [ServiceXpress_Backend] [restartedMain] org.hibernate.orm.deprecation            : HHH90000025: MySQL8Dialect does not need to be specified explicitly using 'hibernate.dialect' (remove the property setting and it will be selected by default)
2025-04-18T21:33:30.377+05:30  WARN 1056 --- [ServiceXpress_Backend] [restartedMain] org.hibernate.orm.deprecation            : HHH90000026: MySQL8Dialect has been deprecated; use org.hibernate.dialect.MySQLDialect instead
2025-04-18T21:33:30.394+05:30  INFO 1056 --- [ServiceXpress_Backend] [restartedMain] org.hibernate.orm.connections.pooling    : HHH10001005: Database info:
	Database JDBC URL [Connecting through datasource 'HikariDataSource (HikariPool-1)']
	Database driver: undefined/unknown
	Database version: 8.0
	Autocommit mode: undefined/unknown
	Isolation level: undefined/unknown
	Minimum pool size: undefined/unknown
	Maximum pool size: undefined/unknown
2025-04-18T21:33:31.125+05:30  INFO 1056 --- [ServiceXpress_Backend] [restartedMain] o.h.e.t.j.p.i.JtaPlatformInitiator       : HHH000489: No JTA platform available (set 'hibernate.transaction.jta.platform' to enable JTA platform integration)
2025-04-18T21:33:31.202+05:30  INFO 1056 --- [ServiceXpress_Backend] [restartedMain] j.LocalContainerEntityManagerFactoryBean : Initialized JPA EntityManagerFactory for persistence unit 'default'
2025-04-18T21:33:31.462+05:30  INFO 1056 --- [ServiceXpress_Backend] [restartedMain] o.s.d.j.r.query.QueryEnhancerFactory     : Hibernate is in classpath; If applicable, HQL parser will be used.
2025-04-18T21:33:31.841+05:30  WARN 1056 --- [ServiceXpress_Backend] [restartedMain] JpaBaseConfiguration$JpaWebConfiguration : spring.jpa.open-in-view is enabled by default. Therefore, database queries may be performed during view rendering. Explicitly configure spring.jpa.open-in-view to disable this warning
2025-04-18T21:33:31.857+05:30  INFO 1056 --- [ServiceXpress_Backend] [restartedMain] r$InitializeUserDetailsManagerConfigurer : Global AuthenticationManager configured with UserDetailsService bean with name userDetailsService
2025-04-18T21:33:32.205+05:30  INFO 1056 --- [ServiceXpress_Backend] [restartedMain] o.s.b.d.a.OptionalLiveReloadServer       : LiveReload server is running on port 35729
2025-04-18T21:33:32.231+05:30  INFO 1056 --- [ServiceXpress_Backend] [restartedMain] o.s.b.w.embedded.tomcat.TomcatWebServer  : Tomcat started on port 8081 (http) with context path '/'
2025-04-18T21:33:32.238+05:30  INFO 1056 --- [ServiceXpress_Backend] [restartedMain] c.b.ServiceXpressBackendApplication      : Started ServiceXpressBackendApplication in 3.984 seconds (process running for 4.455)
2025-04-18T21:51:18.435+05:30  INFO 1056 --- [ServiceXpress_Backend] [RMI TCP Connection(21)-127.0.0.1] inMXBeanRegistrar$SpringApplicationAdmin : Application shutdown requested.
2025-04-18T21:51:18.438+05:30  INFO 1056 --- [ServiceXpress_Backend] [RMI TCP Connection(21)-127.0.0.1] o.s.b.w.e.tomcat.GracefulShutdown        : Commencing graceful shutdown. Waiting for active requests to complete
2025-04-18T21:51:18.442+05:30  INFO 1056 --- [ServiceXpress_Backend] [tomcat-shutdown] o.s.b.w.e.tomcat.GracefulShutdown        : Graceful shutdown complete
2025-04-18T21:51:18.446+05:30  INFO 1056 --- [ServiceXpress_Backend] [RMI TCP Connection(21)-127.0.0.1] j.LocalContainerEntityManagerFactoryBean : Closing JPA EntityManagerFactory for persistence unit 'default'
2025-04-18T21:51:18.449+05:30  INFO 1056 --- [ServiceXpress_Backend] [RMI TCP Connection(21)-127.0.0.1] com.zaxxer.hikari.HikariDataSource       : HikariPool-1 - Shutdown initiated...
2025-04-18T21:51:18.456+05:30  INFO 1056 --- [ServiceXpress_Backend] [RMI TCP Connection(21)-127.0.0.1] com.zaxxer.hikari.HikariDataSource       : HikariPool-1 - Shutdown completed.
